<?xml version="1.0" encoding="UTF-8"?>
<!-- Generated by org.testng.reporters.JUnitXMLReporter -->
<testsuite hostname="shantanu_PC" ignored="0" name="Module 1" tests="5" failures="0" timestamp="2020-08-08T11:47:25 IST" time="0.134" errors="0">
  <testcase name="test1" time="0.019" classname="basicAnnotations.TestNGClass2"/>
  <testcase name="test2" time="0.003" classname="basicAnnotations.TestNGClass2"/>
  <testcase name="test1" time="0.003" classname="basicAnnotations.TestNGFirstClass"/>
  <testcase name="test2" time="0.003" classname="basicAnnotations.TestNGFirstClass"/>
  <testcase name="test3" time="0.005" classname="basicAnnotations.TestNGFirstClass"/>
</testsuite> <!-- Module 1 -->
