<?xml version="1.0" encoding="UTF-8"?>
<!-- Generated by org.testng.reporters.JUnitXMLReporter -->
<testsuite hostname="shantanu_PC" ignored="0" name="Module 2" tests="4" failures="0" timestamp="2020-08-08T11:47:25 IST" time="0.039" errors="0">
  <testcase name="test1" time="0.003" classname="basicAnnotations.TestNGClass3"/>
  <testcase name="test2" time="0.003" classname="basicAnnotations.TestNGClass3"/>
  <testcase name="test1" time="0.002" classname="basicAnnotations.TestNGClass4"/>
  <testcase name="test2" time="0.002" classname="basicAnnotations.TestNGClass4"/>
</testsuite> <!-- Module 2 -->
