<?xml version="1.0" encoding="UTF-8"?>
<!-- Generated by org.testng.reporters.JUnitXMLReporter -->
<testsuite hostname="shantanu_PC" ignored="0" name="Default test" tests="3" failures="0" timestamp="2020-08-08T11:04:59 IST" time="0.15" errors="0">
  <testcase name="test1" time="0.013" classname="basicAnnotations.TestNGFirstClass"/>
  <testcase name="test2" time="0.004" classname="basicAnnotations.TestNGFirstClass"/>
  <testcase name="test3" time="0.002" classname="basicAnnotations.TestNGFirstClass"/>
</testsuite> <!-- Default test -->
