<?xml version="1.0" encoding="UTF-8"?>
<testng-results skipped="0" failed="0" ignored="0" total="6" passed="6">
  <reporter-output>
  </reporter-output>
  <suite name="Suite" duration-ms="257918" started-at="2020-08-09T07:09:41Z" finished-at="2020-08-09T07:13:59Z">
    <groups>
    </groups>
    <test name="Test" duration-ms="257918" started-at="2020-08-09T07:09:41Z" finished-at="2020-08-09T07:13:59Z">
      <class name="testScripts.HomePage.HomePage">
        <test-method status="PASS" signature="initialize()[pri:0, instance:testScripts.HomePage.HomePage@3bfdc050]" name="initialize" is-config="true" duration-ms="53" started-at="2020-08-09T12:39:41Z" finished-at="2020-08-09T12:39:41Z">
          <reporter-output>
          </reporter-output>
        </test-method> <!-- initialize -->
        <test-method status="PASS" signature="launchBrowser(java.lang.String)[pri:0, instance:testScripts.HomePage.HomePage@3bfdc050]" name="launchBrowser" is-config="true" duration-ms="237064" started-at="2020-08-09T12:39:41Z" finished-at="2020-08-09T12:43:38Z">
          <params>
            <param index="0">
              <value>
                <![CDATA[Chrome]]>
              </value>
            </param>
          </params>
          <reporter-output>
          </reporter-output>
        </test-method> <!-- launchBrowser -->
        <test-method status="PASS" signature="verifyIsAutomobileVisible()[pri:0, instance:testScripts.HomePage.HomePage@3bfdc050]" name="verifyIsAutomobileVisible" duration-ms="84" started-at="2020-08-09T12:43:38Z" finished-at="2020-08-09T12:43:38Z">
          <reporter-output>
          </reporter-output>
        </test-method> <!-- verifyIsAutomobileVisible -->
        <test-method status="PASS" signature="verifyIsCamperVisible()[pri:0, instance:testScripts.HomePage.HomePage@3bfdc050]" name="verifyIsCamperVisible" duration-ms="64" started-at="2020-08-09T12:43:38Z" finished-at="2020-08-09T12:43:38Z">
          <reporter-output>
          </reporter-output>
        </test-method> <!-- verifyIsCamperVisible -->
        <test-method status="PASS" signature="verifyIsMotorCycleVisible()[pri:0, instance:testScripts.HomePage.HomePage@3bfdc050]" name="verifyIsMotorCycleVisible" duration-ms="42" started-at="2020-08-09T12:43:38Z" finished-at="2020-08-09T12:43:38Z">
          <reporter-output>
          </reporter-output>
        </test-method> <!-- verifyIsMotorCycleVisible -->
        <test-method status="PASS" signature="verifyIsTruckVisible()[pri:0, instance:testScripts.HomePage.HomePage@3bfdc050]" name="verifyIsTruckVisible" duration-ms="51" started-at="2020-08-09T12:43:38Z" finished-at="2020-08-09T12:43:38Z">
          <reporter-output>
          </reporter-output>
        </test-method> <!-- verifyIsTruckVisible -->
        <test-method status="PASS" signature="verifyIsAutobileClickable()[pri:1, instance:testScripts.HomePage.HomePage@3bfdc050]" name="verifyIsAutobileClickable" duration-ms="5664" started-at="2020-08-09T12:43:38Z" finished-at="2020-08-09T12:43:44Z">
          <reporter-output>
          </reporter-output>
        </test-method> <!-- verifyIsAutobileClickable -->
        <test-method status="PASS" signature="verifyIsTruckClickable()[pri:2, instance:testScripts.HomePage.HomePage@3bfdc050]" name="verifyIsTruckClickable" duration-ms="5736" started-at="2020-08-09T12:43:44Z" finished-at="2020-08-09T12:43:50Z">
          <reporter-output>
          </reporter-output>
        </test-method> <!-- verifyIsTruckClickable -->
        <test-method status="PASS" signature="quitBrower()[pri:0, instance:testScripts.HomePage.HomePage@3bfdc050]" name="quitBrower" is-config="true" duration-ms="9143" started-at="2020-08-09T12:43:50Z" finished-at="2020-08-09T12:43:59Z">
          <reporter-output>
          </reporter-output>
        </test-method> <!-- quitBrower -->
        <test-method status="PASS" signature="tearDown()[pri:0, instance:testScripts.HomePage.HomePage@3bfdc050]" name="tearDown" is-config="true" duration-ms="0" started-at="2020-08-09T12:43:59Z" finished-at="2020-08-09T12:43:59Z">
          <reporter-output>
          </reporter-output>
        </test-method> <!-- tearDown -->
      </class> <!-- testScripts.HomePage.HomePage -->
    </test> <!-- Test -->
  </suite> <!-- Suite -->
</testng-results>
